<?xml version="1.0" encoding="UTF-8"?>
<testsuite xmlns:xsi="http://www.w3.org/2001/XMLSchema-instance" xsi:noNamespaceSchemaLocation="https://maven.apache.org/surefire/maven-surefire-plugin/xsd/surefire-test-report-3.0.xsd" version="3.0" name="com.luxmed.company.service.CompanyServiceTest" time="0.701" tests="5" errors="0" skipped="0" failures="0">
  <properties>
[...]
</properties>
  <testcase name="testDeleteCompany" classname="com.luxmed.company.service.CompanyServiceTest" time="0.616"/>
  <testcase name="testCreateCompany" classname="com.luxmed.company.service.CompanyServiceTest" time="0.046"/>
  <testcase name="testGetAllCompanies" classname="com.luxmed.company.service.CompanyServiceTest" time="0.007"/>
  <testcase name="testUpdateCompany" classname="com.luxmed.company.service.CompanyServiceTest" time="0.013"/>
  <testcase name="testGetCompanyById" classname="com.luxmed.company.service.CompanyServiceTest" time="0.007"/>
</testsuite>